Matplotlib is building the font cache; this may take a moment.
Log file for this run: /Users/hamza/Documents/GitHub/Indoor-Environment-Quantization/training/hawq_qat_frontier_out/indoor_hawq_qat_seed_42__L101__2_2_2_2___2026.05.17-220112/indoor_hawq_qat_seed_42__L101__2_2_2_2___2026.05.17-220112.log
The open file limit is 2560. Please raise the limit (see documentation).
Configuring device: MAX78002, simulate=False.
No CUDA, ROCm, or MPS hardware acceleration, training will be slow
Optimizer Type: <class 'torch.optim.adam.Adam'>
Optimizer Args: {'lr': 0.001, 'betas': (0.9, 0.999), 'eps': 1e-08, 'weight_decay': 0.0005, 'amsgrad': False, 'maximize': False, 'foreach': None, 'capturable': False, 'differentiable': False, 'fused': None}
Reading compression schedule from: /Users/hamza/Desktop/testMax/ai8x-training/policies/schedule-indoor-env.yaml
Dataset sizes:
	training=209600
	validation=23200
	test=77600


Training epoch: 209600 samples (256 per mini-batch, world size: 1)
Epoch: [0][   10/  819]    Overall Loss 1.023881    Objective Loss 1.023881                                        LR 0.001000    Time 0.082972    
Epoch: [0][   20/  819]    Overall Loss 0.825634    Objective Loss 0.825634                                        LR 0.001000    Time 0.055806    
Epoch: [0][   30/  819]    Overall Loss 0.710394    Objective Loss 0.710394                                        LR 0.001000    Time 0.047171    
Epoch: [0][   40/  819]    Overall Loss 0.620273    Objective Loss 0.620273                                        LR 0.001000    Time 0.042204    
Epoch: [0][   50/  819]    Overall Loss 0.544169    Objective Loss 0.544169                                        LR 0.001000    Time 0.043018    
Epoch: [0][   60/  819]    Overall Loss 0.476581    Objective Loss 0.476581                                        LR 0.001000    Time 0.044650    
Epoch: [0][   70/  819]    Overall Loss 0.423579    Objective Loss 0.423579                                        LR 0.001000    Time 0.052139    
Epoch: [0][   80/  819]    Overall Loss 0.380411    Objective Loss 0.380411                                        LR 0.001000    Time 0.052000    
Epoch: [0][   90/  819]    Overall Loss 0.344606    Objective Loss 0.344606                                        LR 0.001000    Time 0.049527    
Epoch: [0][  100/  819]    Overall Loss 0.314862    Objective Loss 0.314862                                        LR 0.001000    Time 0.047603    
Epoch: [0][  110/  819]    Overall Loss 0.289867    Objective Loss 0.289867                                        LR 0.001000    Time 0.045979    
Epoch: [0][  120/  819]    Overall Loss 0.268351    Objective Loss 0.268351                                        LR 0.001000    Time 0.044571    
Epoch: [0][  130/  819]    Overall Loss 0.249648    Objective Loss 0.249648                                        LR 0.001000    Time 0.043403    
Epoch: [0][  140/  819]    Overall Loss 0.233726    Objective Loss 0.233726                                        LR 0.001000    Time 0.042533    
Epoch: [0][  150/  819]    Overall Loss 0.219611    Objective Loss 0.219611                                        LR 0.001000    Time 0.041641    
Epoch: [0][  160/  819]    Overall Loss 0.207144    Objective Loss 0.207144                                        LR 0.001000    Time 0.040845    
Epoch: [0][  170/  819]    Overall Loss 0.195884    Objective Loss 0.195884                                        LR 0.001000    Time 0.040188    
Epoch: [0][  180/  819]    Overall Loss 0.185889    Objective Loss 0.185889                                        LR 0.001000    Time 0.039558    
Epoch: [0][  190/  819]    Overall Loss 0.176918    Objective Loss 0.176918                                        LR 0.001000    Time 0.039082    
Epoch: [0][  200/  819]    Overall Loss 0.168852    Objective Loss 0.168852                                        LR 0.001000    Time 0.038729    
Epoch: [0][  210/  819]    Overall Loss 0.161474    Objective Loss 0.161474                                        LR 0.001000    Time 0.038264    
Epoch: [0][  220/  819]    Overall Loss 0.154780    Objective Loss 0.154780                                        LR 0.001000    Time 0.037796    
Epoch: [0][  230/  819]    Overall Loss 0.148680    Objective Loss 0.148680                                        LR 0.001000    Time 0.037314    
Epoch: [0][  240/  819]    Overall Loss 0.143053    Objective Loss 0.143053                                        LR 0.001000    Time 0.036920    
Epoch: [0][  250/  819]    Overall Loss 0.137873    Objective Loss 0.137873                                        LR 0.001000    Time 0.036509    
Epoch: [0][  260/  819]    Overall Loss 0.133004    Objective Loss 0.133004                                        LR 0.001000    Time 0.036194    
Epoch: [0][  270/  819]    Overall Loss 0.128499    Objective Loss 0.128499                                        LR 0.001000    Time 0.036035    
Epoch: [0][  280/  819]    Overall Loss 0.124245    Objective Loss 0.124245                                        LR 0.001000    Time 0.035730    
Epoch: [0][  290/  819]    Overall Loss 0.120322    Objective Loss 0.120322                                        LR 0.001000    Time 0.035412    
Epoch: [0][  300/  819]    Overall Loss 0.116617    Objective Loss 0.116617                                        LR 0.001000    Time 0.035143    
Epoch: [0][  310/  819]    Overall Loss 0.113122    Objective Loss 0.113122                                        LR 0.001000    Time 0.035331    
Epoch: [0][  320/  819]    Overall Loss 0.109812    Objective Loss 0.109812                                        LR 0.001000    Time 0.035081    
Epoch: [0][  330/  819]    Overall Loss 0.106691    Objective Loss 0.106691                                        LR 0.001000    Time 0.034920    
Epoch: [0][  340/  819]    Overall Loss 0.103757    Objective Loss 0.103757                                        LR 0.001000    Time 0.034771    
Epoch: [0][  350/  819]    Overall Loss 0.100985    Objective Loss 0.100985                                        LR 0.001000    Time 0.034586    
Epoch: [0][  360/  819]    Overall Loss 0.098355    Objective Loss 0.098355                                        LR 0.001000    Time 0.034471    
Epoch: [0][  370/  819]    Overall Loss 0.095865    Objective Loss 0.095865                                        LR 0.001000    Time 0.034396    
Epoch: [0][  380/  819]    Overall Loss 0.093497    Objective Loss 0.093497                                        LR 0.001000    Time 0.034919    
Epoch: [0][  390/  819]    Overall Loss 0.091229    Objective Loss 0.091229                                        LR 0.001000    Time 0.034962    
Epoch: [0][  400/  819]    Overall Loss 0.089076    Objective Loss 0.089076                                        LR 0.001000    Time 0.034799    
Epoch: [0][  410/  819]    Overall Loss 0.087082    Objective Loss 0.087082                                        LR 0.001000    Time 0.034606    
Epoch: [0][  420/  819]    Overall Loss 0.085118    Objective Loss 0.085118                                        LR 0.001000    Time 0.034475    
Epoch: [0][  430/  819]    Overall Loss 0.083256    Objective Loss 0.083256                                        LR 0.001000    Time 0.034304    
Epoch: [0][  440/  819]    Overall Loss 0.081510    Objective Loss 0.081510                                        LR 0.001000    Time 0.034532    
Epoch: [0][  450/  819]    Overall Loss 0.079810    Objective Loss 0.079810                                        LR 0.001000    Time 0.034423    
Epoch: [0][  460/  819]    Overall Loss 0.078222    Objective Loss 0.078222                                        LR 0.001000    Time 0.034358    
Epoch: [0][  470/  819]    Overall Loss 0.076700    Objective Loss 0.076700                                        LR 0.001000    Time 0.034437    
Epoch: [0][  480/  819]    Overall Loss 0.075233    Objective Loss 0.075233                                        LR 0.001000    Time 0.034425    
Epoch: [0][  490/  819]    Overall Loss 0.073819    Objective Loss 0.073819                                        LR 0.001000    Time 0.034310    
Epoch: [0][  500/  819]    Overall Loss 0.072449    Objective Loss 0.072449                                        LR 0.001000    Time 0.034257    
Epoch: [0][  510/  819]    Overall Loss 0.071114    Objective Loss 0.071114                                        LR 0.001000    Time 0.034757    
Epoch: [0][  520/  819]    Overall Loss 0.069838    Objective Loss 0.069838                                        LR 0.001000    Time 0.036129    
Epoch: [0][  530/  819]    Overall Loss 0.068640    Objective Loss 0.068640                                        LR 0.001000    Time 0.037436    
Epoch: [0][  540/  819]    Overall Loss 0.067482    Objective Loss 0.067482                                        LR 0.001000    Time 0.038637    
Epoch: [0][  550/  819]    Overall Loss 0.066365    Objective Loss 0.066365                                        LR 0.001000    Time 0.039169    
Epoch: [0][  560/  819]    Overall Loss 0.065262    Objective Loss 0.065262                                        LR 0.001000    Time 0.039150    
Epoch: [0][  570/  819]    Overall Loss 0.064192    Objective Loss 0.064192                                        LR 0.001000    Time 0.039140    
Epoch: [0][  580/  819]    Overall Loss 0.063152    Objective Loss 0.063152                                        LR 0.001000    Time 0.039664    
Epoch: [0][  590/  819]    Overall Loss 0.062151    Objective Loss 0.062151                                        LR 0.001000    Time 0.039582    
Epoch: [0][  600/  819]    Overall Loss 0.061190    Objective Loss 0.061190                                        LR 0.001000    Time 0.039439    
Epoch: [0][  610/  819]    Overall Loss 0.060271    Objective Loss 0.060271                                        LR 0.001000    Time 0.039299    
Epoch: [0][  620/  819]    Overall Loss 0.059375    Objective Loss 0.059375                                        LR 0.001000    Time 0.039108    
Epoch: [0][  630/  819]    Overall Loss 0.058519    Objective Loss 0.058519                                        LR 0.001000    Time 0.038960    
Epoch: [0][  640/  819]    Overall Loss 0.057657    Objective Loss 0.057657                                        LR 0.001000    Time 0.038736    
Epoch: [0][  650/  819]    Overall Loss 0.056857    Objective Loss 0.056857                                        LR 0.001000    Time 0.038544    
Epoch: [0][  660/  819]    Overall Loss 0.056071    Objective Loss 0.056071                                        LR 0.001000    Time 0.038343    
Epoch: [0][  670/  819]    Overall Loss 0.055312    Objective Loss 0.055312                                        LR 0.001000    Time 0.038128    
Epoch: [0][  680/  819]    Overall Loss 0.054591    Objective Loss 0.054591                                        LR 0.001000    Time 0.037956    
Epoch: [0][  690/  819]    Overall Loss 0.053870    Objective Loss 0.053870                                        LR 0.001000    Time 0.037794    
Epoch: [0][  700/  819]    Overall Loss 0.053173    Objective Loss 0.053173                                        LR 0.001000    Time 0.037631    
Epoch: [0][  710/  819]    Overall Loss 0.052483    Objective Loss 0.052483                                        LR 0.001000    Time 0.037449    
Epoch: [0][  720/  819]    Overall Loss 0.051834    Objective Loss 0.051834                                        LR 0.001000    Time 0.037271    
Epoch: [0][  730/  819]    Overall Loss 0.051204    Objective Loss 0.051204                                        LR 0.001000    Time 0.037098    
Epoch: [0][  740/  819]    Overall Loss 0.050584    Objective Loss 0.050584                                        LR 0.001000    Time 0.036908    
Epoch: [0][  750/  819]    Overall Loss 0.049962    Objective Loss 0.049962                                        LR 0.001000    Time 0.036742    
Epoch: [0][  760/  819]    Overall Loss 0.049364    Objective Loss 0.049364                                        LR 0.001000    Time 0.036577    
Epoch: [0][  770/  819]    Overall Loss 0.048766    Objective Loss 0.048766                                        LR 0.001000    Time 0.036443    
Epoch: [0][  780/  819]    Overall Loss 0.048186    Objective Loss 0.048186                                        LR 0.001000    Time 0.036309    
Epoch: [0][  790/  819]    Overall Loss 0.047620    Objective Loss 0.047620                                        LR 0.001000    Time 0.036183    
Epoch: [0][  800/  819]    Overall Loss 0.047054    Objective Loss 0.047054                                        LR 0.001000    Time 0.036027    
Epoch: [0][  810/  819]    Overall Loss 0.046499    Objective Loss 0.046499                                        LR 0.001000    Time 0.035899    
Epoch: [0][  819/  819]    Overall Loss 0.046029    Objective Loss 0.046029    Top1 99.776786    LR 0.001000    Time 0.035886    
--- validate (epoch=0)-----------
23200 samples (256 per mini-batch)
Epoch: [0][   10/   91]    Loss 0.011711    Top1 99.609375    
Epoch: [0][   20/   91]    Loss 0.014537    Top1 99.531250    
Epoch: [0][   30/   91]    Loss 0.013244    Top1 99.583333    
Epoch: [0][   40/   91]    Loss 0.012668    Top1 99.628906    
Epoch: [0][   50/   91]    Loss 0.012405    Top1 99.617188    
Epoch: [0][   60/   91]    Loss 0.012074    Top1 99.622396    
Epoch: [0][   70/   91]    Loss 0.011464    Top1 99.659598    
Epoch: [0][   80/   91]    Loss 0.011676    Top1 99.638672    
Epoch: [0][   90/   91]    Loss 0.011377    Top1 99.644097    
Epoch: [0][   91/   91]    Loss 0.011474    Top1 99.642241    
==> Top1: 99.642    Loss: 0.011

==> Best [Top1: 99.642   Params: 203160 on epoch: 0]
Saving checkpoint to: /Users/hamza/Documents/GitHub/Indoor-Environment-Quantization/training/hawq_qat_frontier_out/indoor_hawq_qat_seed_42__L101__2_2_2_2___2026.05.17-220112/indoor_hawq_qat_seed_42__L101__2_2_2_2_checkpoint.pth.tar


Training epoch: 209600 samples (256 per mini-batch, world size: 1)
Epoch: [1][   10/  819]    Overall Loss 0.005645    Objective Loss 0.005645                                        LR 0.000976    Time 0.088099    
Epoch: [1][   20/  819]    Overall Loss 0.004653    Objective Loss 0.004653                                        LR 0.000976    Time 0.066854    
Epoch: [1][   30/  819]    Overall Loss 0.004413    Objective Loss 0.004413                                        LR 0.000976    Time 0.055627    
Epoch: [1][   40/  819]    Overall Loss 0.004377    Objective Loss 0.004377                                        LR 0.000976    Time 0.048270    
Epoch: [1][   50/  819]    Overall Loss 0.004018    Objective Loss 0.004018                                        LR 0.000976    Time 0.043966    
Epoch: [1][   60/  819]    Overall Loss 0.003791    Objective Loss 0.003791                                        LR 0.000976    Time 0.040862    
Epoch: [1][   70/  819]    Overall Loss 0.003723    Objective Loss 0.003723                                        LR 0.000976    Time 0.038536    
Epoch: [1][   80/  819]    Overall Loss 0.003624    Objective Loss 0.003624                                        LR 0.000976    Time 0.037031    
Epoch: [1][   90/  819]    Overall Loss 0.003616    Objective Loss 0.003616                                        LR 0.000976    Time 0.035928    
Epoch: [1][  100/  819]    Overall Loss 0.003747    Objective Loss 0.003747                                        LR 0.000976    Time 0.034754    
Epoch: [1][  110/  819]    Overall Loss 0.003659    Objective Loss 0.003659                                        LR 0.000976    Time 0.033789    
Epoch: [1][  120/  819]    Overall Loss 0.003525    Objective Loss 0.003525                                        LR 0.000976    Time 0.032949    
Epoch: [1][  130/  819]    Overall Loss 0.003533    Objective Loss 0.003533                                        LR 0.000976    Time 0.032470    
Epoch: [1][  140/  819]    Overall Loss 0.003544    Objective Loss 0.003544                                        LR 0.000976    Time 0.032152    
Epoch: [1][  150/  819]    Overall Loss 0.003575    Objective Loss 0.003575                                        LR 0.000976    Time 0.031821    
